<?xml version="1.0" encoding="UTF-8"?>
<!-- Generated by org.testng.reporters.JUnitReportReporter -->
<testsuite skipped="0" hostname="Shanu-PC" name="Testproject.Mavendemo.AppTest" tests="1" failures="0" timestamp="17 Jul 2018 13:22:34 GMT" time="9.867" errors="0">
  <testcase name="test" time="9.867" classname="Testproject.Mavendemo.AppTest"/>
</testsuite> <!-- Testproject.Mavendemo.AppTest -->
