<?xml version="1.0" encoding="UTF-8"?>
<!-- Generated by org.testng.reporters.JUnitReportReporter -->
<testsuite hostname="Shanu-PC" name="com.test.NewTest" tests="2" failures="0" timestamp="20 Jul 2018 13:05:05 GMT" time="28.362" errors="0">
  <testcase name="tc_1" time="19.585" classname="com.test.NewTest"/>
  <testcase name="tc_2" time="8.777" classname="com.test.NewTest"/>
</testsuite> <!-- com.test.NewTest -->
