<?xml version="1.0" encoding="UTF-8"?>
<!-- Generated by org.testng.reporters.JUnitReportReporter -->
<testsuite skipped="0" hostname="SHANU-PC" name="Skiptestcase" tests="2" failures="0" timestamp="13 Oct 2018 19:39:37 GMT" time="0.050" errors="0">
  <testcase name="testCase1" time="0.038" classname="Skiptestcase"/>
  <testcase name="testCase2" time="0.012" classname="Skiptestcase"/>
</testsuite> <!-- Skiptestcase -->
