<?xml version="1.0" encoding="UTF-8"?>
<!-- Generated by org.testng.reporters.JUnitReportReporter -->
<testsuite skipped="0" hostname="Shanu-PC" name="com.webapp.testcases.Verifyvalidlogin" tests="1" failures="0" timestamp="29 Aug 2018 09:53:25 GMT" time="18.007" errors="0">
  <testcase name="verifylogin" time="18.007" classname="com.webapp.testcases.Verifyvalidlogin"/>
</testsuite> <!-- com.webapp.testcases.Verifyvalidlogin -->
