<?xml version="1.0" encoding="UTF-8"?>
<!-- Generated by org.testng.reporters.JUnitReportReporter -->
<testsuite skipped="0" hostname="Shanu-PC" name="frame" tests="1" failures="0" timestamp="13 Sep 2018 11:20:14 GMT" time="29.867" errors="0">
  <testcase name="test" time="29.867" classname="frame"/>
</testsuite> <!-- frame -->
