<?xml version="1.0" encoding="UTF-8"?>
<!-- Generated by org.testng.reporters.JUnitReportReporter -->
<testsuite hostname="DESKTOP-GDVBIH5" failures="0" tests="1" name="Window1" time="8.360" errors="0" timestamp="04 Sep 2019 13:40:18 GMT" skipped="0">
  <testcase classname="Window1" name="test" time="8.360"/>
</testsuite> <!-- Window1 -->
