<?xml version="1.0" encoding="UTF-8"?>
<!-- Generated by org.testng.reporters.JUnitReportReporter -->
<testsuite hostname="DESKTOP-GDVBIH5" failures="0" tests="1" name="frame" time="19.297" errors="0" timestamp="04 Sep 2019 14:23:15 GMT" skipped="0">
  <testcase classname="frame" name="test" time="19.297"/>
</testsuite> <!-- frame -->
