<?xml version="1.0" encoding="UTF-8"?>
<!-- Generated by org.testng.reporters.JUnitReportReporter -->
<testsuite skipped="0" hostname="Shanu-PC" name="com.webapp.testcases.Verifyvalidlogin" tests="1" failures="0" timestamp="03 Oct 2018 05:49:06 GMT" time="24.081" errors="0">
  <testcase name="verifylogin" time="24.081" classname="com.webapp.testcases.Verifyvalidlogin"/>
</testsuite> <!-- com.webapp.testcases.Verifyvalidlogin -->
