<?xml version="1.0" encoding="UTF-8"?>
<!-- Generated by org.testng.reporters.JUnitReportReporter -->
<testsuite skipped="0" hostname="DESKTOP-GDVBIH5" name="ListEx" tests="1" failures="0" timestamp="06 Nov 2019 13:11:53 GMT" time="25.950" errors="0">
  <testcase name="run" time="25.950" classname="ListEx"/>
</testsuite> <!-- ListEx -->
