<?xml version="1.0" encoding="UTF-8"?>
<!-- Generated by org.testng.reporters.JUnitReportReporter -->
<testsuite skipped="0" hostname="Shanu-PC" name="Wait" tests="1" failures="0" timestamp="06 Sep 2018 12:59:38 GMT" time="0.013" errors="0">
  <testcase name="register" time="0.013" classname="Wait"/>
</testsuite> <!-- Wait -->
