<?xml version="1.0" encoding="UTF-8"?>
<!-- Generated by org.testng.reporters.JUnitReportReporter -->
<testsuite skipped="0" hostname="DESKTOP-GDVBIH5" name="Wait" tests="1" failures="0" timestamp="17 Sep 2019 14:07:36 GMT" time="0.012" errors="0">
  <testcase name="register" time="0.012" classname="Wait"/>
</testsuite> <!-- Wait -->
