<?xml version="1.0" encoding="UTF-8"?>
<!-- Generated by org.testng.reporters.JUnitReportReporter -->
<testsuite skipped="0" hostname="Shanu-PC" name="Window" tests="1" failures="0" timestamp="13 Sep 2018 06:12:56 GMT" time="25.796" errors="0">
  <testcase name="test" time="25.796" classname="Window"/>
</testsuite> <!-- Window -->
