<?xml version="1.0" encoding="UTF-8"?>
<!-- Generated by org.testng.reporters.JUnitReportReporter -->
<testsuite skipped="0" hostname="Shanu-PC" name="frame" tests="1" failures="0" timestamp="13 Aug 2018 09:00:14 GMT" time="33.495" errors="0">
  <testcase name="test" time="33.495" classname="frame"/>
</testsuite> <!-- frame -->
