<?xml version="1.0" encoding="UTF-8"?>
<!-- Generated by org.testng.reporters.JUnitReportReporter -->
<testsuite skipped="0" hostname="Shanu-PC" name="com.webapp.testcases.Verifyvalidlogin" tests="1" failures="0" timestamp="15 Feb 2019 11:45:50 GMT" time="11.121" errors="0">
  <testcase name="verifylogin" time="11.121" classname="com.webapp.testcases.Verifyvalidlogin"/>
</testsuite> <!-- com.webapp.testcases.Verifyvalidlogin -->
