<?xml version="1.0" encoding="UTF-8"?>
<!-- Generated by org.testng.reporters.JUnitReportReporter -->
<testsuite hostname="DESKTOP-GDVBIH5" failures="0" tests="1" name="Window" time="23.379" errors="0" timestamp="04 Sep 2019 10:22:09 GMT" skipped="0">
  <testcase classname="Window" name="test" time="23.379"/>
</testsuite> <!-- Window -->
