<?xml version="1.0" encoding="UTF-8"?>
<!-- Generated by org.testng.reporters.JUnitReportReporter -->
<testsuite skipped="0" hostname="Shanu-PC" name="Framework" tests="1" failures="0" timestamp="03 Aug 2018 13:26:58 GMT" time="1.373" errors="0">
  <testcase name="ReadData" time="1.373" classname="Framework"/>
</testsuite> <!-- Framework -->
