<?xml version="1.0" encoding="UTF-8"?>
<!-- Generated by org.testng.reporters.JUnitReportReporter -->
<testsuite skipped="0" hostname="Shanu-PC" name="Alert" tests="1" failures="0" timestamp="27 Aug 2018 10:23:32 GMT" time="21.382" errors="0">
  <testcase name="test" time="21.382" classname="Alert"/>
</testsuite> <!-- Alert -->
