<?xml version="1.0" encoding="UTF-8"?>
<!-- Generated by org.testng.reporters.JUnitReportReporter -->
<testsuite skipped="0" hostname="SHANU-PC" name="Registration" tests="1" failures="0" timestamp="10 Dec 2017 12:23:40 GMT" time="243.286" errors="0">
  <testcase name="main" time="243.286" classname="Registration"/>
</testsuite> <!-- Registration -->
